This is pdfeTeXk, Version 3.14159-1.10b-2.1 (Web2C 7.4.5) (format=pdfetex 2007.4.16)  13 SEP 2007 22:57
entering extended mode
 file:line:error style messages enabled.
**/scr/jkelm2/rigel/binutils-2.18/gas/doc/internals.texi
(/scr/jkelm2/rigel/binutils-2.18/gas/doc/internals.texi{/usr/share/texmf/pdftex
/config/pdftex.cfg} (/usr/share/texmf/tex/texinfo/texinfo.tex
Loading texinfo [version 2003-02-03.16]: Basics,
\bindingoffset=\dimen16
\normaloffset=\dimen17
\pagewidth=\dimen18
\pageheight=\dimen19
\outerhsize=\dimen20
\outervsize=\dimen21
\cornerlong=\dimen22
\cornerthick=\dimen23
\topandbottommargin=\dimen24
\headlinebox=\box16
\footlinebox=\box17
\margin=\insert252
\EMsimple=\toks13
\groupbox=\box18
\groupinvalidhelp=\toks14
\mil=\dimen25
\exdentamount=\skip18
\inmarginspacing=\skip19
 pdf,
\tempnum=\count27
\lnkcount=\count28
\filename=\toks15
\filenamelength=\count29
\pgn=\count30
\toksA=\toks16
\toksB=\toks17
\toksC=\toks18
\toksD=\toks19
\boxA=\box19
\countA=\count31

(/usr/share/texmf/pdftex/plain/misc/pdfcolor.tex) fonts,
\sffam=\fam8
\textleading=\dimen26
\mainmagstep=\count32
\fontdepth=\count33
 page headings,
\titlepagetopglue=\skip20
\titlepagebottomglue=\skip21
\evenheadline=\toks20
\oddheadline=\toks21
\evenfootline=\toks22
\oddfootline=\toks23

tables,
\tableindent=\dimen27
\itemindent=\dimen28
\itemmargin=\dimen29
\itemmax=\dimen30
\itemno=\count34
\multitableparskip=\skip22
\multitableparindent=\skip23
\multitablecolspace=\dimen31
\multitablelinespace=\skip24
\colcount=\count35
\savedfootnotes=\box20
 conditionals, indexing,
\secondaryindent=\skip25
\partialpage=\box21
\doublecolumnhsize=\dimen32
 sectioning,
\chapno=\count36
\secno=\count37
\subsecno=\count38
\subsubsecno=\count39
\appendixno=\count40
\absseclevel=\count41
\secbase=\count42
\chapheadingskip=\skip26
\secheadingskip=\skip27
\subsecheadingskip=\skip28
 toc,
\tocfile=\write0
\contentsrightmargin=\skip29
\savepageno=\count43
\lastnegativepageno=\count44
\shortappendixwidth=\dimen33
\tocindent=\dimen34
 environments,
\errorbox=\box22
\lispnarrowing=\skip30
\envskipamount=\skip31
\circthick=\dimen35
\cartouter=\dimen36
\cartinner=\dimen37
\normbskip=\skip32
\normpskip=\skip33
\normlskip=\skip34
\lskip=\skip35
\rskip=\skip36
\tabw=\dimen38
 defuns,
\defbodyindent=\skip37
\defargsindent=\skip38
\deflastargmargin=\skip39
\parencount=\count45
 macros,
\paramno=\count46
\macname=\toks24

cross references,
\auxfile=\write1
\savesfregister=\count47
\footnoteno=\count48
 (/usr/share/texmf/tex/generic/misc/epsf.tex
\epsffilein=\read1
\epsfframemargin=\dimen39
\epsfframethickness=\dimen40
\epsfrsize=\dimen41
\epsftmp=\dimen42
\epsftsize=\dimen43
\epsfxsize=\dimen44
\epsfysize=\dimen45
\pspoints=\dimen46
\epsfnoopenhelp=\toks25
)
\noepsfhelp=\toks26
 localization,
\nolanghelp=\toks27
\defaultparindent=\dimen47

and turning on texinfo input format.) (./internals.aux)
@cpindfile=@write2
@fnindfile=@write3
@vrindfile=@write4
@tpindfile=@write5
@kyindfile=@write6
@pgindfile=@write7
 (Assembler Internals)
\openout0 = `internals.toc'.


(Data types) [1
\openout1 = `internals.aux'.

\openout2 = `internals.cp'.

\openout3 = `internals.fn'.

\openout4 = `internals.vr'.

\openout5 = `internals.tp'.

\openout6 = `internals.ky'.

\openout7 = `internals.pg'.

{/usr/share/texmf/dvips/config/pdftex.map}] [2] [3] [4] [5]
[6] [7] [8] [9] [10] (What GAS does when it runs) [11] (Porting GAS) [12]
[13] [14] [15]
Underfull \hbox (badness 10000) in paragraph at lines 994--996
 []/cmr10@10.95pt/Same as TC[]START[]LABEL, but should be used in-stead of

@hbox(7.60416+2.12917)x433.62, glue set 5.90704
.@glue(@leftskip) 57.81621
.@hbox(0.0+0.0)x0.0
./cmr10@10.95pt/S
./cmr10@10.95pt/a
./cmr10@10.95pt/m
.etc.

[16] [17] [18] [19] [20] [21] [22] [23] [24] [25] (Relaxation) [26] [27]
[28] (Broken words) [29] (Internal functions) [30] [31] (Test suite) [32]
[33] ) 
Here is how much of TeX's memory you used:
 1588 strings out of 97344
 17359 string characters out of 1213141
 40945 words of memory out of 1000001
 2666 multiletter control sequences out of 10000+50000
 31953 words of font info for 111 fonts, out of 500000 for 1000
 19 hyphenation exceptions out of 1000
 12i,5n,16p,259b,353s stack positions out of 1500i,500n,5000p,200000b,5000s
 203 PDF objects out of 300000
 52 named destinations out of 131072
 0 words of extra memory for PDF output out of 65536
{/usr/share/texmf/dvips/tetex/f7b6d320.enc}</usr/share/texmf/fonts/type1/
bluesky/cm/cmss10.pfb></usr/share/texmf/fonts/type1/bluesky/cm/cmbx10.pfb>{/usr
/share/texmf/dvips/tetex/09fbbfac.enc}</usr/share/texmf/fonts/type1/bluesky/cm/
cmtt9.pfb></usr/share/texmf/fonts/type1/bluesky/cm/cmsltt10.pfb>{/usr/share/tex
mf/dvips/tetex/bbad153f.enc}</usr/share/texmf/fonts/type1/bluesky/cm/cmsy10.pfb
></usr/share/texmf/fonts/type1/bluesky/cm/cmsl10.pfb></usr/share/texmf/fonts/ty
pe1/bluesky/cm/cmtt10.pfb></usr/share/texmf/fonts/type1/bluesky/cm/cmr10.pfb></
usr/share/texmf/fonts/type1/bluesky/cm/cmbx12.pfb>
Output written on internals.pdf (33 pages, 174037 bytes).
